<?xml version="1.0" encoding="UTF-8"?>
<!-- Generated by org.testng.reporters.JUnitXMLReporter -->
<testsuite hostname="sis-PC" name="Default test" tests="1" failures="1" timestamp="8 Jun 2020 07:07:54 GMT" time="9.91" errors="0">
  <testcase name="login" time="9.825" classname="com.hrms.testscripts.TC504">
    <failure type="org.openqa.selenium.SessionNotCreatedException" message="session not created
from disconnected: received Inspector.detached event
  (Session info: chrome=83.0.4103.61)
Build info: version: &amp;apos;3.13.0&amp;apos;, revision: &amp;apos;2f0d292&amp;apos;, time: &amp;apos;2018-06-25T15:32:19.891Z&amp;apos;
System info: host: &amp;apos;SIS-PC&amp;apos;, ip: &amp;apos;192.168.42.207&amp;apos;, os.name: &amp;apos;Windows 7&amp;apos;, os.arch: &amp;apos;amd64&amp;apos;, os.version: &amp;apos;6.1&amp;apos;, java.version: &amp;apos;1.8.0_251&amp;apos;
Driver info: driver.version: ChromeDriver
remote stacktrace: Backtrace:
	Ordinal0 [0x00F49563+2725219]
	Ordinal0 [0x00E48551+1672529]
	Ordinal0 [0x00D30359+525145]
	Ordinal0 [0x00D28579+492921]
	Ordinal0 [0x00D2818C+491916]
	Ordinal0 [0x00D27AB8+490168]
	Ordinal0 [0x00D26EFE+487166]
	Ordinal0 [0x00D27135+487733]
	Ordinal0 [0x00D26B75+486261]
	Ordinal0 [0x00D2F055+520277]
	Ordinal0 [0x00D26B32+486194]
	Ordinal0 [0x00D27739+489273]
	Ordinal0 [0x00D26EFE+487166]
	Ordinal0 [0x00D27135+487733]
	Ordinal0 [0x00D26B75+486261]
	Ordinal0 [0x00D2D83E+514110]
	Ordinal0 [0x00D26B32+486194]
	Ordinal0 [0x00D27739+489273]
	Ordinal0 [0x00D26EFE+487166]
	Ordinal0 [0x00D27135+487733]
	Ordinal0 [0x00D26B75+486261]
	Ordinal0 [0x00D2BBF6+506870]
	Ordinal0 [0x00D26B32+486194]
	Ordinal0 [0x00D27739+489273]
	Ordinal0 [0x00D26EFE+487166]
	Ordinal0 [0x00D27135+487733]
	Ordinal0 [0x00D26B75+486261]
	Ordinal0 [0x00D2B1B7+504247]
	Ordinal0 [0x00D26B32+486194]
	Ordinal0 [0x00D27739+489273]
	Ordinal0 [0x00D26EFE+487166]
	Ordinal0 [0x00D27135+487733]
	Ordinal0 [0x00D26B75+486261]
	Ordinal0 [0x00D2337C+471932]
	Ordinal0 [0x00D26B32+486194]
	Ordinal0 [0x00D26A87+486023]
	Ordinal0 [0x00D30FF0+528368]
	Ordinal0 [0x00CDD6C9+186057]
	Ordinal0 [0x00CDCA3D+182845]
	Ordinal0 [0x00CDA94B+174411]
	Ordinal0 [0x00CC2528+75048]
	Ordinal0 [0x00CC35A0+79264]
	Ordinal0 [0x00CC3539+79161]
	Ordinal0 [0x00E5D607+1758727]
	GetHandleVerifier [0x01066546+1050150]
	GetHandleVerifier [0x01066291+1049457]
	GetHandleVerifier [0x010710D7+1094071]
	GetHandleVerifier [0x01066B46+1051686]
	Ordinal0 [0x00E55B06+1727238]
	Ordinal0 [0x00E5EB7B+1764219]
	Ordinal0 [0x00E5ECE3+1764579]
	Ordinal0 [0x00E74C05+1854469]
	BaseThreadInitThunk [0x7616336A+18]
	RtlInitializeExceptionChain [0x77E098F2+99]
	RtlInitializeExceptionChain [0x77E098C5+54]
">
      <![CDATA[org.openqa.selenium.SessionNotCreatedException: session not created
from disconnected: received Inspector.detached event
  (Session info: chrome=83.0.4103.61)
Build info: version: '3.13.0', revision: '2f0d292', time: '2018-06-25T15:32:19.891Z'
System info: host: 'SIS-PC', ip: '192.168.42.207', os.name: 'Windows 7', os.arch: 'amd64', os.version: '6.1', java.version: '1.8.0_251'
Driver info: driver.version: ChromeDriver
remote stacktrace: Backtrace:
	Ordinal0 [0x00F49563+2725219]
	Ordinal0 [0x00E48551+1672529]
	Ordinal0 [0x00D30359+525145]
	Ordinal0 [0x00D28579+492921]
	Ordinal0 [0x00D2818C+491916]
	Ordinal0 [0x00D27AB8+490168]
	Ordinal0 [0x00D26EFE+487166]
	Ordinal0 [0x00D27135+487733]
	Ordinal0 [0x00D26B75+486261]
	Ordinal0 [0x00D2F055+520277]
	Ordinal0 [0x00D26B32+486194]
	Ordinal0 [0x00D27739+489273]
	Ordinal0 [0x00D26EFE+487166]
	Ordinal0 [0x00D27135+487733]
	Ordinal0 [0x00D26B75+486261]
	Ordinal0 [0x00D2D83E+514110]
	Ordinal0 [0x00D26B32+486194]
	Ordinal0 [0x00D27739+489273]
	Ordinal0 [0x00D26EFE+487166]
	Ordinal0 [0x00D27135+487733]
	Ordinal0 [0x00D26B75+486261]
	Ordinal0 [0x00D2BBF6+506870]
	Ordinal0 [0x00D26B32+486194]
	Ordinal0 [0x00D27739+489273]
	Ordinal0 [0x00D26EFE+487166]
	Ordinal0 [0x00D27135+487733]
	Ordinal0 [0x00D26B75+486261]
	Ordinal0 [0x00D2B1B7+504247]
	Ordinal0 [0x00D26B32+486194]
	Ordinal0 [0x00D27739+489273]
	Ordinal0 [0x00D26EFE+487166]
	Ordinal0 [0x00D27135+487733]
	Ordinal0 [0x00D26B75+486261]
	Ordinal0 [0x00D2337C+471932]
	Ordinal0 [0x00D26B32+486194]
	Ordinal0 [0x00D26A87+486023]
	Ordinal0 [0x00D30FF0+528368]
	Ordinal0 [0x00CDD6C9+186057]
	Ordinal0 [0x00CDCA3D+182845]
	Ordinal0 [0x00CDA94B+174411]
	Ordinal0 [0x00CC2528+75048]
	Ordinal0 [0x00CC35A0+79264]
	Ordinal0 [0x00CC3539+79161]
	Ordinal0 [0x00E5D607+1758727]
	GetHandleVerifier [0x01066546+1050150]
	GetHandleVerifier [0x01066291+1049457]
	GetHandleVerifier [0x010710D7+1094071]
	GetHandleVerifier [0x01066B46+1051686]
	Ordinal0 [0x00E55B06+1727238]
	Ordinal0 [0x00E5EB7B+1764219]
	Ordinal0 [0x00E5ECE3+1764579]
	Ordinal0 [0x00E74C05+1854469]
	BaseThreadInitThunk [0x7616336A+18]
	RtlInitializeExceptionChain [0x77E098F2+99]
	RtlInitializeExceptionChain [0x77E098C5+54]

	at sun.reflect.NativeConstructorAccessorImpl.newInstance0(Native Method)
	at sun.reflect.NativeConstructorAccessorImpl.newInstance(Unknown Source)
	at sun.reflect.DelegatingConstructorAccessorImpl.newInstance(Unknown Source)
	at java.lang.reflect.Constructor.newInstance(Unknown Source)
	at org.openqa.selenium.remote.W3CHandshakeResponse.lambda$new$0(W3CHandshakeResponse.java:57)
	at org.openqa.selenium.remote.W3CHandshakeResponse.lambda$getResponseFunction$2(W3CHandshakeResponse.java:104)
	at org.openqa.selenium.remote.ProtocolHandshake.lambda$createSession$0(ProtocolHandshake.java:123)
	at java.util.stream.ReferencePipeline$3$1.accept(Unknown Source)
	at java.util.Spliterators$ArraySpliterator.tryAdvance(Unknown Source)
	at java.util.stream.ReferencePipeline.forEachWithCancel(Unknown Source)
	at java.util.stream.AbstractPipeline.copyIntoWithCancel(Unknown Source)
	at java.util.stream.AbstractPipeline.copyInto(Unknown Source)
	at java.util.stream.AbstractPipeline.wrapAndCopyInto(Unknown Source)
	at java.util.stream.FindOps$FindOp.evaluateSequential(Unknown Source)
	at java.util.stream.AbstractPipeline.evaluate(Unknown Source)
	at java.util.stream.ReferencePipeline.findFirst(Unknown Source)
	at org.openqa.selenium.remote.ProtocolHandshake.createSession(ProtocolHandshake.java:126)
	at org.openqa.selenium.remote.ProtocolHandshake.createSession(ProtocolHandshake.java:73)
	at org.openqa.selenium.remote.HttpCommandExecutor.execute(HttpCommandExecutor.java:136)
	at org.openqa.selenium.remote.service.DriverCommandExecutor.execute(DriverCommandExecutor.java:83)
	at org.openqa.selenium.remote.RemoteWebDriver.execute(RemoteWebDriver.java:548)
	at org.openqa.selenium.remote.RemoteWebDriver.startSession(RemoteWebDriver.java:212)
	at org.openqa.selenium.remote.RemoteWebDriver.<init>(RemoteWebDriver.java:130)
	at org.openqa.selenium.chrome.ChromeDriver.<init>(ChromeDriver.java:181)
	at org.openqa.selenium.chrome.ChromeDriver.<init>(ChromeDriver.java:168)
	at org.openqa.selenium.chrome.ChromeDriver.<init>(ChromeDriver.java:123)
	at com.hrms.LIB.general.openapplication(general.java:13)
	at com.hrms.testscripts.TC504.login(TC504.java:12)
	at sun.reflect.NativeMethodAccessorImpl.invoke0(Native Method)
	at sun.reflect.NativeMethodAccessorImpl.invoke(Unknown Source)
	at sun.reflect.DelegatingMethodAccessorImpl.invoke(Unknown Source)
	at java.lang.reflect.Method.invoke(Unknown Source)
	at org.testng.internal.MethodInvocationHelper.invokeMethod(MethodInvocationHelper.java:80)
	at org.testng.internal.Invoker.invokeMethod(Invoker.java:714)
	at org.testng.internal.Invoker.invokeTestMethod(Invoker.java:901)
	at org.testng.internal.Invoker.invokeTestMethods(Invoker.java:1231)
	at org.testng.internal.TestMethodWorker.invokeTestMethods(TestMethodWorker.java:127)
	at org.testng.internal.TestMethodWorker.run(TestMethodWorker.java:111)
	at org.testng.TestRunner.privateRun(TestRunner.java:767)
	at org.testng.TestRunner.run(TestRunner.java:617)
	at org.testng.SuiteRunner.runTest(SuiteRunner.java:334)
	at org.testng.SuiteRunner.runSequentially(SuiteRunner.java:329)
	at org.testng.SuiteRunner.privateRun(SuiteRunner.java:291)
	at org.testng.SuiteRunner.run(SuiteRunner.java:240)
	at org.testng.SuiteRunnerWorker.runSuite(SuiteRunnerWorker.java:52)
	at org.testng.SuiteRunnerWorker.run(SuiteRunnerWorker.java:86)
	at org.testng.TestNG.runSuitesSequentially(TestNG.java:1198)
	at org.testng.TestNG.runSuitesLocally(TestNG.java:1123)
	at org.testng.TestNG.run(TestNG.java:1031)
	at org.testng.remote.AbstractRemoteTestNG.run(AbstractRemoteTestNG.java:132)
	at org.testng.remote.RemoteTestNG.initAndRun(RemoteTestNG.java:230)
	at org.testng.remote.RemoteTestNG.main(RemoteTestNG.java:76)
]]>
    </failure>
  </testcase> <!-- login -->
</testsuite> <!-- Default test -->
